<testsuites id="" name="" tests="144" failures="144" skipped="0" errors="0" time="58.441246">
<testsuite name="plugin-loading.spec.js" timestamp="2025-06-30T16:25:47.295Z" hostname="chromium-webrtc" tests="9" failures="9" skipped="0" time="0.009" errors="0">
<testcase name="MediaSoup Plugin Loading › should load mock FoundryVTT environment correctly" classname="plugin-loading.spec.js" time="0.001">
<failure message="plugin-loading.spec.js:30:3 should load mock FoundryVTT environment correctly" type="FAILURE">
<![CDATA[  [chromium-webrtc] › plugin-loading.spec.js:30:3 › MediaSoup Plugin Loading › should load mock FoundryVTT environment correctly 

    Error: browserType.launch: Target page, context or browser has been closed
    Browser logs:

    <launching> /Users/lgates/Library/Caches/ms-playwright/chromium_headless_shell-1179/chrome-mac/headless_shell --disable-field-trial-config --disable-background-networking --disable-background-timer-throttling --disable-backgrounding-occluded-windows --disable-back-forward-cache --disable-breakpad --disable-client-side-phishing-detection --disable-component-extensions-with-background-pages --disable-component-update --no-default-browser-check --disable-default-apps --disable-dev-shm-usage --disable-extensions --disable-features=AcceptCHFrame,AutoExpandDetailsElement,AvoidUnnecessaryBeforeUnloadCheckSync,CertificateTransparencyComponentUpdater,DestroyProfileOnBrowserClose,DialMediaRouteProvider,ExtensionManifestV2Disabled,GlobalMediaControls,HttpsUpgrades,ImprovedCookieControls,LazyFrameLoading,LensOverlay,MediaRouter,PaintHolding,ThirdPartyStoragePartitioning,Translate --allow-pre-commit-input --disable-hang-monitor --disable-ipc-flooding-protection --disable-popup-blocking --disable-prompt-on-repost --disable-renderer-backgrounding --force-color-profile=srgb --metrics-recording-only --no-first-run --password-store=basic --use-mock-keychain --no-service-autorun --export-tagged-pdf --disable-search-engine-choice-screen --unsafely-disable-devtools-self-xss-warnings --enable-automation --enable-use-zoom-for-dsf=false --use-angle --headless --hide-scrollbars --blink-settings=primaryHoverType=2,availableHoverTypes=2,primaryPointerType=4,availablePointerTypes=4 --no-sandbox --use-fake-ui-for-media-stream --use-fake-device-for-media-stream --use-file-for-fake-video-capture=tests/integration/fixtures/test-video.y4m --use-file-for-fake-audio-capture=tests/integration/fixtures/test-audio.wav --allow-file-access-from-files --disable-web-security --allow-running-insecure-content --auto-accept-camera-and-microphone-capture --auto-select-desktop-capture-source=Test --disable-features=VizDisplayCompositor --disable-backgrounding-occluded-windows --disable-background-timer-throttling --disable-renderer-backgrounding --disable-ipc-flooding-protection --user-data-dir=/var/folders/jx/zjyzknj16h7c7sc0prspdk7r0000gp/T/playwright_chromiumdev_profile-MHCVGn --remote-debugging-pipe --no-startup-window
    <launched> pid=10201
    Call log:
      - <launching> /Users/lgates/Library/Caches/ms-playwright/chromium_headless_shell-1179/chrome-mac/headless_shell --disable-field-trial-config --disable-background-networking --disable-background-timer-throttling --disable-backgrounding-occluded-windows --disable-back-forward-cache --disable-breakpad --disable-client-side-phishing-detection --disable-component-extensions-with-background-pages --disable-component-update --no-default-browser-check --disable-default-apps --disable-dev-shm-usage --disable-extensions --disable-features=AcceptCHFrame,AutoExpandDetailsElement,AvoidUnnecessaryBeforeUnloadCheckSync,CertificateTransparencyComponentUpdater,DestroyProfileOnBrowserClose,DialMediaRouteProvider,ExtensionManifestV2Disabled,GlobalMediaControls,HttpsUpgrades,ImprovedCookieControls,LazyFrameLoading,LensOverlay,MediaRouter,PaintHolding,ThirdPartyStoragePartitioning,Translate --allow-pre-commit-input --disable-hang-monitor --disable-ipc-flooding-protection --disable-popup-blocking --disable-prompt-on-repost --disable-renderer-backgrounding --force-color-profile=srgb --metrics-recording-only --no-first-run --password-store=basic --use-mock-keychain --no-service-autorun --export-tagged-pdf --disable-search-engine-choice-screen --unsafely-disable-devtools-self-xss-warnings --enable-automation --enable-use-zoom-for-dsf=false --use-angle --headless --hide-scrollbars --blink-settings=primaryHoverType=2,availableHoverTypes=2,primaryPointerType=4,availablePointerTypes=4 --no-sandbox --use-fake-ui-for-media-stream --use-fake-device-for-media-stream --use-file-for-fake-video-capture=tests/integration/fixtures/test-video.y4m --use-file-for-fake-audio-capture=tests/integration/fixtures/test-audio.wav --allow-file-access-from-files --disable-web-security --allow-running-insecure-content --auto-accept-camera-and-microphone-capture --auto-select-desktop-capture-source=Test --disable-features=VizDisplayCompositor --disable-backgrounding-occluded-windows --disable-background-timer-throttling --disable-renderer-backgrounding --disable-ipc-flooding-protection --user-data-dir=/var/folders/jx/zjyzknj16h7c7sc0prspdk7r0000gp/T/playwright_chromiumdev_profile-MHCVGn --remote-debugging-pipe --no-startup-window
      - <launched> pid=10201


    TypeError: Cannot read properties of undefined (reading 'close')

      25 |   
      26 |   test.afterEach(async () => {
    > 27 |     await page.close();
         |                ^
      28 |   });
      29 |   
      30 |   test('should load mock FoundryVTT environment correctly', async () => {
        at /Users/lgates/repos/foundryvtt-webrtc-mediasoup/tests/integration/specs/plugin-loading.spec.js:27:16
]]>
</failure>
</testcase>
<testcase name="MediaSoup Plugin Loading › should load mediasoup-client library when needed" classname="plugin-loading.spec.js" time="0.001">
<failure message="plugin-loading.spec.js:49:3 should load mediasoup-client library when needed" type="FAILURE">
<![CDATA[  [chromium-webrtc] › plugin-loading.spec.js:49:3 › MediaSoup Plugin Loading › should load mediasoup-client library when needed 

    Error: browserType.launch: Target page, context or browser has been closed
    Browser logs:

    <launching> /Users/lgates/Library/Caches/ms-playwright/chromium_headless_shell-1179/chrome-mac/headless_shell --disable-field-trial-config --disable-background-networking --disable-background-timer-throttling --disable-backgrounding-occluded-windows --disable-back-forward-cache --disable-breakpad --disable-client-side-phishing-detection --disable-component-extensions-with-background-pages --disable-component-update --no-default-browser-check --disable-default-apps --disable-dev-shm-usage --disable-extensions --disable-features=AcceptCHFrame,AutoExpandDetailsElement,AvoidUnnecessaryBeforeUnloadCheckSync,CertificateTransparencyComponentUpdater,DestroyProfileOnBrowserClose,DialMediaRouteProvider,ExtensionManifestV2Disabled,GlobalMediaControls,HttpsUpgrades,ImprovedCookieControls,LazyFrameLoading,LensOverlay,MediaRouter,PaintHolding,ThirdPartyStoragePartitioning,Translate --allow-pre-commit-input --disable-hang-monitor --disable-ipc-flooding-protection --disable-popup-blocking --disable-prompt-on-repost --disable-renderer-backgrounding --force-color-profile=srgb --metrics-recording-only --no-first-run --password-store=basic --use-mock-keychain --no-service-autorun --export-tagged-pdf --disable-search-engine-choice-screen --unsafely-disable-devtools-self-xss-warnings --enable-automation --enable-use-zoom-for-dsf=false --use-angle --headless --hide-scrollbars --blink-settings=primaryHoverType=2,availableHoverTypes=2,primaryPointerType=4,availablePointerTypes=4 --no-sandbox --use-fake-ui-for-media-stream --use-fake-device-for-media-stream --use-file-for-fake-video-capture=tests/integration/fixtures/test-video.y4m --use-file-for-fake-audio-capture=tests/integration/fixtures/test-audio.wav --allow-file-access-from-files --disable-web-security --allow-running-insecure-content --auto-accept-camera-and-microphone-capture --auto-select-desktop-capture-source=Test --disable-features=VizDisplayCompositor --disable-backgrounding-occluded-windows --disable-background-timer-throttling --disable-renderer-backgrounding --disable-ipc-flooding-protection --user-data-dir=/var/folders/jx/zjyzknj16h7c7sc0prspdk7r0000gp/T/playwright_chromiumdev_profile-MGhRFO --remote-debugging-pipe --no-startup-window
    <launched> pid=10197
    [pid=10197] <process did exit: exitCode=null, signal=SIGTRAP>
    [pid=10197] starting temporary directories cleanup
    Call log:
      - <launching> /Users/lgates/Library/Caches/ms-playwright/chromium_headless_shell-1179/chrome-mac/headless_shell --disable-field-trial-config --disable-background-networking --disable-background-timer-throttling --disable-backgrounding-occluded-windows --disable-back-forward-cache --disable-breakpad --disable-client-side-phishing-detection --disable-component-extensions-with-background-pages --disable-component-update --no-default-browser-check --disable-default-apps --disable-dev-shm-usage --disable-extensions --disable-features=AcceptCHFrame,AutoExpandDetailsElement,AvoidUnnecessaryBeforeUnloadCheckSync,CertificateTransparencyComponentUpdater,DestroyProfileOnBrowserClose,DialMediaRouteProvider,ExtensionManifestV2Disabled,GlobalMediaControls,HttpsUpgrades,ImprovedCookieControls,LazyFrameLoading,LensOverlay,MediaRouter,PaintHolding,ThirdPartyStoragePartitioning,Translate --allow-pre-commit-input --disable-hang-monitor --disable-ipc-flooding-protection --disable-popup-blocking --disable-prompt-on-repost --disable-renderer-backgrounding --force-color-profile=srgb --metrics-recording-only --no-first-run --password-store=basic --use-mock-keychain --no-service-autorun --export-tagged-pdf --disable-search-engine-choice-screen --unsafely-disable-devtools-self-xss-warnings --enable-automation --enable-use-zoom-for-dsf=false --use-angle --headless --hide-scrollbars --blink-settings=primaryHoverType=2,availableHoverTypes=2,primaryPointerType=4,availablePointerTypes=4 --no-sandbox --use-fake-ui-for-media-stream --use-fake-device-for-media-stream --use-file-for-fake-video-capture=tests/integration/fixtures/test-video.y4m --use-file-for-fake-audio-capture=tests/integration/fixtures/test-audio.wav --allow-file-access-from-files --disable-web-security --allow-running-insecure-content --auto-accept-camera-and-microphone-capture --auto-select-desktop-capture-source=Test --disable-features=VizDisplayCompositor --disable-backgrounding-occluded-windows --disable-background-timer-throttling --disable-renderer-backgrounding --disable-ipc-flooding-protection --user-data-dir=/var/folders/jx/zjyzknj16h7c7sc0prspdk7r0000gp/T/playwright_chromiumdev_profile-MGhRFO --remote-debugging-pipe --no-startup-window
      - <launched> pid=10197
      - [pid=10197] <process did exit: exitCode=null, signal=SIGTRAP>
      - [pid=10197] starting temporary directories cleanup


    TypeError: Cannot read properties of undefined (reading 'close')

      25 |   
      26 |   test.afterEach(async () => {
    > 27 |     await page.close();
         |                ^
      28 |   });
      29 |   
      30 |   test('should load mock FoundryVTT environment correctly', async () => {
        at /Users/lgates/repos/foundryvtt-webrtc-mediasoup/tests/integration/specs/plugin-loading.spec.js:27:16
]]>
</failure>
</testcase>
<testcase name="MediaSoup Plugin Loading › should initialize plugin successfully" classname="plugin-loading.spec.js" time="0.001">
<failure message="plugin-loading.spec.js:78:3 should initialize plugin successfully" type="FAILURE">
<![CDATA[  [chromium-webrtc] › plugin-loading.spec.js:78:3 › MediaSoup Plugin Loading › should initialize plugin successfully 

    Error: browserType.launch: Target page, context or browser has been closed
    Browser logs:

    <launching> /Users/lgates/Library/Caches/ms-playwright/chromium_headless_shell-1179/chrome-mac/headless_shell --disable-field-trial-config --disable-background-networking --disable-background-timer-throttling --disable-backgrounding-occluded-windows --disable-back-forward-cache --disable-breakpad --disable-client-side-phishing-detection --disable-component-extensions-with-background-pages --disable-component-update --no-default-browser-check --disable-default-apps --disable-dev-shm-usage --disable-extensions --disable-features=AcceptCHFrame,AutoExpandDetailsElement,AvoidUnnecessaryBeforeUnloadCheckSync,CertificateTransparencyComponentUpdater,DestroyProfileOnBrowserClose,DialMediaRouteProvider,ExtensionManifestV2Disabled,GlobalMediaControls,HttpsUpgrades,ImprovedCookieControls,LazyFrameLoading,LensOverlay,MediaRouter,PaintHolding,ThirdPartyStoragePartitioning,Translate --allow-pre-commit-input --disable-hang-monitor --disable-ipc-flooding-protection --disable-popup-blocking --disable-prompt-on-repost --disable-renderer-backgrounding --force-color-profile=srgb --metrics-recording-only --no-first-run --password-store=basic --use-mock-keychain --no-service-autorun --export-tagged-pdf --disable-search-engine-choice-screen --unsafely-disable-devtools-self-xss-warnings --enable-automation --enable-use-zoom-for-dsf=false --use-angle --headless --hide-scrollbars --blink-settings=primaryHoverType=2,availableHoverTypes=2,primaryPointerType=4,availablePointerTypes=4 --no-sandbox --use-fake-ui-for-media-stream --use-fake-device-for-media-stream --use-file-for-fake-video-capture=tests/integration/fixtures/test-video.y4m --use-file-for-fake-audio-capture=tests/integration/fixtures/test-audio.wav --allow-file-access-from-files --disable-web-security --allow-running-insecure-content --auto-accept-camera-and-microphone-capture --auto-select-desktop-capture-source=Test --disable-features=VizDisplayCompositor --disable-backgrounding-occluded-windows --disable-background-timer-throttling --disable-renderer-backgrounding --disable-ipc-flooding-protection --user-data-dir=/var/folders/jx/zjyzknj16h7c7sc0prspdk7r0000gp/T/playwright_chromiumdev_profile-d6t76O --remote-debugging-pipe --no-startup-window
    <launched> pid=10199
    [pid=10199] <process did exit: exitCode=null, signal=SIGTRAP>
    [pid=10199] starting temporary directories cleanup
    Call log:
      - <launching> /Users/lgates/Library/Caches/ms-playwright/chromium_headless_shell-1179/chrome-mac/headless_shell --disable-field-trial-config --disable-background-networking --disable-background-timer-throttling --disable-backgrounding-occluded-windows --disable-back-forward-cache --disable-breakpad --disable-client-side-phishing-detection --disable-component-extensions-with-background-pages --disable-component-update --no-default-browser-check --disable-default-apps --disable-dev-shm-usage --disable-extensions --disable-features=AcceptCHFrame,AutoExpandDetailsElement,AvoidUnnecessaryBeforeUnloadCheckSync,CertificateTransparencyComponentUpdater,DestroyProfileOnBrowserClose,DialMediaRouteProvider,ExtensionManifestV2Disabled,GlobalMediaControls,HttpsUpgrades,ImprovedCookieControls,LazyFrameLoading,LensOverlay,MediaRouter,PaintHolding,ThirdPartyStoragePartitioning,Translate --allow-pre-commit-input --disable-hang-monitor --disable-ipc-flooding-protection --disable-popup-blocking --disable-prompt-on-repost --disable-renderer-backgrounding --force-color-profile=srgb --metrics-recording-only --no-first-run --password-store=basic --use-mock-keychain --no-service-autorun --export-tagged-pdf --disable-search-engine-choice-screen --unsafely-disable-devtools-self-xss-warnings --enable-automation --enable-use-zoom-for-dsf=false --use-angle --headless --hide-scrollbars --blink-settings=primaryHoverType=2,availableHoverTypes=2,primaryPointerType=4,availablePointerTypes=4 --no-sandbox --use-fake-ui-for-media-stream --use-fake-device-for-media-stream --use-file-for-fake-video-capture=tests/integration/fixtures/test-video.y4m --use-file-for-fake-audio-capture=tests/integration/fixtures/test-audio.wav --allow-file-access-from-files --disable-web-security --allow-running-insecure-content --auto-accept-camera-and-microphone-capture --auto-select-desktop-capture-source=Test --disable-features=VizDisplayCompositor --disable-backgrounding-occluded-windows --disable-background-timer-throttling --disable-renderer-backgrounding --disable-ipc-flooding-protection --user-data-dir=/var/folders/jx/zjyzknj16h7c7sc0prspdk7r0000gp/T/playwright_chromiumdev_profile-d6t76O --remote-debugging-pipe --no-startup-window
      - <launched> pid=10199
      - [pid=10199] <process did exit: exitCode=null, signal=SIGTRAP>
      - [pid=10199] starting temporary directories cleanup


    TypeError: Cannot read properties of undefined (reading 'close')

      25 |   
      26 |   test.afterEach(async () => {
    > 27 |     await page.close();
         |                ^
      28 |   });
      29 |   
      30 |   test('should load mock FoundryVTT environment correctly', async () => {
        at /Users/lgates/repos/foundryvtt-webrtc-mediasoup/tests/integration/specs/plugin-loading.spec.js:27:16
]]>
</failure>
</testcase>
<testcase name="MediaSoup Plugin Loading › should register settings correctly" classname="plugin-loading.spec.js" time="0.001">
<failure message="plugin-loading.spec.js:104:3 should register settings correctly" type="FAILURE">
<![CDATA[  [chromium-webrtc] › plugin-loading.spec.js:104:3 › MediaSoup Plugin Loading › should register settings correctly 

    Error: browserType.launch: Target page, context or browser has been closed
    Browser logs:

    <launching> /Users/lgates/Library/Caches/ms-playwright/chromium_headless_shell-1179/chrome-mac/headless_shell --disable-field-trial-config --disable-background-networking --disable-background-timer-throttling --disable-backgrounding-occluded-windows --disable-back-forward-cache --disable-breakpad --disable-client-side-phishing-detection --disable-component-extensions-with-background-pages --disable-component-update --no-default-browser-check --disable-default-apps --disable-dev-shm-usage --disable-extensions --disable-features=AcceptCHFrame,AutoExpandDetailsElement,AvoidUnnecessaryBeforeUnloadCheckSync,CertificateTransparencyComponentUpdater,DestroyProfileOnBrowserClose,DialMediaRouteProvider,ExtensionManifestV2Disabled,GlobalMediaControls,HttpsUpgrades,ImprovedCookieControls,LazyFrameLoading,LensOverlay,MediaRouter,PaintHolding,ThirdPartyStoragePartitioning,Translate --allow-pre-commit-input --disable-hang-monitor --disable-ipc-flooding-protection --disable-popup-blocking --disable-prompt-on-repost --disable-renderer-backgrounding --force-color-profile=srgb --metrics-recording-only --no-first-run --password-store=basic --use-mock-keychain --no-service-autorun --export-tagged-pdf --disable-search-engine-choice-screen --unsafely-disable-devtools-self-xss-warnings --enable-automation --enable-use-zoom-for-dsf=false --use-angle --headless --hide-scrollbars --blink-settings=primaryHoverType=2,availableHoverTypes=2,primaryPointerType=4,availablePointerTypes=4 --no-sandbox --use-fake-ui-for-media-stream --use-fake-device-for-media-stream --use-file-for-fake-video-capture=tests/integration/fixtures/test-video.y4m --use-file-for-fake-audio-capture=tests/integration/fixtures/test-audio.wav --allow-file-access-from-files --disable-web-security --allow-running-insecure-content --auto-accept-camera-and-microphone-capture --auto-select-desktop-capture-source=Test --disable-features=VizDisplayCompositor --disable-backgrounding-occluded-windows --disable-background-timer-throttling --disable-renderer-backgrounding --disable-ipc-flooding-protection --user-data-dir=/var/folders/jx/zjyzknj16h7c7sc0prspdk7r0000gp/T/playwright_chromiumdev_profile-GJXNVz --remote-debugging-pipe --no-startup-window
    <launched> pid=10203
    [pid=10203] <process did exit: exitCode=null, signal=SIGTRAP>
    [pid=10203] starting temporary directories cleanup
    Call log:
      - <launching> /Users/lgates/Library/Caches/ms-playwright/chromium_headless_shell-1179/chrome-mac/headless_shell --disable-field-trial-config --disable-background-networking --disable-background-timer-throttling --disable-backgrounding-occluded-windows --disable-back-forward-cache --disable-breakpad --disable-client-side-phishing-detection --disable-component-extensions-with-background-pages --disable-component-update --no-default-browser-check --disable-default-apps --disable-dev-shm-usage --disable-extensions --disable-features=AcceptCHFrame,AutoExpandDetailsElement,AvoidUnnecessaryBeforeUnloadCheckSync,CertificateTransparencyComponentUpdater,DestroyProfileOnBrowserClose,DialMediaRouteProvider,ExtensionManifestV2Disabled,GlobalMediaControls,HttpsUpgrades,ImprovedCookieControls,LazyFrameLoading,LensOverlay,MediaRouter,PaintHolding,ThirdPartyStoragePartitioning,Translate --allow-pre-commit-input --disable-hang-monitor --disable-ipc-flooding-protection --disable-popup-blocking --disable-prompt-on-repost --disable-renderer-backgrounding --force-color-profile=srgb --metrics-recording-only --no-first-run --password-store=basic --use-mock-keychain --no-service-autorun --export-tagged-pdf --disable-search-engine-choice-screen --unsafely-disable-devtools-self-xss-warnings --enable-automation --enable-use-zoom-for-dsf=false --use-angle --headless --hide-scrollbars --blink-settings=primaryHoverType=2,availableHoverTypes=2,primaryPointerType=4,availablePointerTypes=4 --no-sandbox --use-fake-ui-for-media-stream --use-fake-device-for-media-stream --use-file-for-fake-video-capture=tests/integration/fixtures/test-video.y4m --use-file-for-fake-audio-capture=tests/integration/fixtures/test-audio.wav --allow-file-access-from-files --disable-web-security --allow-running-insecure-content --auto-accept-camera-and-microphone-capture --auto-select-desktop-capture-source=Test --disable-features=VizDisplayCompositor --disable-backgrounding-occluded-windows --disable-background-timer-throttling --disable-renderer-backgrounding --disable-ipc-flooding-protection --user-data-dir=/var/folders/jx/zjyzknj16h7c7sc0prspdk7r0000gp/T/playwright_chromiumdev_profile-GJXNVz --remote-debugging-pipe --no-startup-window
      - <launched> pid=10203
      - [pid=10203] <process did exit: exitCode=null, signal=SIGTRAP>
      - [pid=10203] starting temporary directories cleanup


    TypeError: Cannot read properties of undefined (reading 'close')

      25 |   
      26 |   test.afterEach(async () => {
    > 27 |     await page.close();
         |                ^
      28 |   });
      29 |   
      30 |   test('should load mock FoundryVTT environment correctly', async () => {
        at /Users/lgates/repos/foundryvtt-webrtc-mediasoup/tests/integration/specs/plugin-loading.spec.js:27:16
]]>
</failure>
</testcase>
<testcase name="MediaSoup Plugin Loading › should register settings menu correctly" classname="plugin-loading.spec.js" time="0.001">
<failure message="plugin-loading.spec.js:134:3 should register settings menu correctly" type="FAILURE">
<![CDATA[  [chromium-webrtc] › plugin-loading.spec.js:134:3 › MediaSoup Plugin Loading › should register settings menu correctly 

    Error: browserType.launch: Target page, context or browser has been closed
    Browser logs:

    <launching> /Users/lgates/Library/Caches/ms-playwright/chromium_headless_shell-1179/chrome-mac/headless_shell --disable-field-trial-config --disable-background-networking --disable-background-timer-throttling --disable-backgrounding-occluded-windows --disable-back-forward-cache --disable-breakpad --disable-client-side-phishing-detection --disable-component-extensions-with-background-pages --disable-component-update --no-default-browser-check --disable-default-apps --disable-dev-shm-usage --disable-extensions --disable-features=AcceptCHFrame,AutoExpandDetailsElement,AvoidUnnecessaryBeforeUnloadCheckSync,CertificateTransparencyComponentUpdater,DestroyProfileOnBrowserClose,DialMediaRouteProvider,ExtensionManifestV2Disabled,GlobalMediaControls,HttpsUpgrades,ImprovedCookieControls,LazyFrameLoading,LensOverlay,MediaRouter,PaintHolding,ThirdPartyStoragePartitioning,Translate --allow-pre-commit-input --disable-hang-monitor --disable-ipc-flooding-protection --disable-popup-blocking --disable-prompt-on-repost --disable-renderer-backgrounding --force-color-profile=srgb --metrics-recording-only --no-first-run --password-store=basic --use-mock-keychain --no-service-autorun --export-tagged-pdf --disable-search-engine-choice-screen --unsafely-disable-devtools-self-xss-warnings --enable-automation --enable-use-zoom-for-dsf=false --use-angle --headless --hide-scrollbars --blink-settings=primaryHoverType=2,availableHoverTypes=2,primaryPointerType=4,availablePointerTypes=4 --no-sandbox --use-fake-ui-for-media-stream --use-fake-device-for-media-stream --use-file-for-fake-video-capture=tests/integration/fixtures/test-video.y4m --use-file-for-fake-audio-capture=tests/integration/fixtures/test-audio.wav --allow-file-access-from-files --disable-web-security --allow-running-insecure-content --auto-accept-camera-and-microphone-capture --auto-select-desktop-capture-source=Test --disable-features=VizDisplayCompositor --disable-backgrounding-occluded-windows --disable-background-timer-throttling --disable-renderer-backgrounding --disable-ipc-flooding-protection --user-data-dir=/var/folders/jx/zjyzknj16h7c7sc0prspdk7r0000gp/T/playwright_chromiumdev_profile-FItmhn --remote-debugging-pipe --no-startup-window
    <launched> pid=10198
    [pid=10198] <process did exit: exitCode=null, signal=SIGTRAP>
    [pid=10198] starting temporary directories cleanup
    Call log:
      - <launching> /Users/lgates/Library/Caches/ms-playwright/chromium_headless_shell-1179/chrome-mac/headless_shell --disable-field-trial-config --disable-background-networking --disable-background-timer-throttling --disable-backgrounding-occluded-windows --disable-back-forward-cache --disable-breakpad --disable-client-side-phishing-detection --disable-component-extensions-with-background-pages --disable-component-update --no-default-browser-check --disable-default-apps --disable-dev-shm-usage --disable-extensions --disable-features=AcceptCHFrame,AutoExpandDetailsElement,AvoidUnnecessaryBeforeUnloadCheckSync,CertificateTransparencyComponentUpdater,DestroyProfileOnBrowserClose,DialMediaRouteProvider,ExtensionManifestV2Disabled,GlobalMediaControls,HttpsUpgrades,ImprovedCookieControls,LazyFrameLoading,LensOverlay,MediaRouter,PaintHolding,ThirdPartyStoragePartitioning,Translate --allow-pre-commit-input --disable-hang-monitor --disable-ipc-flooding-protection --disable-popup-blocking --disable-prompt-on-repost --disable-renderer-backgrounding --force-color-profile=srgb --metrics-recording-only --no-first-run --password-store=basic --use-mock-keychain --no-service-autorun --export-tagged-pdf --disable-search-engine-choice-screen --unsafely-disable-devtools-self-xss-warnings --enable-automation --enable-use-zoom-for-dsf=false --use-angle --headless --hide-scrollbars --blink-settings=primaryHoverType=2,availableHoverTypes=2,primaryPointerType=4,availablePointerTypes=4 --no-sandbox --use-fake-ui-for-media-stream --use-fake-device-for-media-stream --use-file-for-fake-video-capture=tests/integration/fixtures/test-video.y4m --use-file-for-fake-audio-capture=tests/integration/fixtures/test-audio.wav --allow-file-access-from-files --disable-web-security --allow-running-insecure-content --auto-accept-camera-and-microphone-capture --auto-select-desktop-capture-source=Test --disable-features=VizDisplayCompositor --disable-backgrounding-occluded-windows --disable-background-timer-throttling --disable-renderer-backgrounding --disable-ipc-flooding-protection --user-data-dir=/var/folders/jx/zjyzknj16h7c7sc0prspdk7r0000gp/T/playwright_chromiumdev_profile-FItmhn --remote-debugging-pipe --no-startup-window
      - <launched> pid=10198
      - [pid=10198] <process did exit: exitCode=null, signal=SIGTRAP>
      - [pid=10198] starting temporary directories cleanup


    TypeError: Cannot read properties of undefined (reading 'close')

      25 |   
      26 |   test.afterEach(async () => {
    > 27 |     await page.close();
         |                ^
      28 |   });
      29 |   
      30 |   test('should load mock FoundryVTT environment correctly', async () => {
        at /Users/lgates/repos/foundryvtt-webrtc-mediasoup/tests/integration/specs/plugin-loading.spec.js:27:16
]]>
</failure>
</testcase>
<testcase name="MediaSoup Plugin Loading › should handle lifecycle hooks correctly" classname="plugin-loading.spec.js" time="0.001">
<failure message="plugin-loading.spec.js:153:3 should handle lifecycle hooks correctly" type="FAILURE">
<![CDATA[  [chromium-webrtc] › plugin-loading.spec.js:153:3 › MediaSoup Plugin Loading › should handle lifecycle hooks correctly 

    Error: browserType.launch: Target page, context or browser has been closed
    Browser logs:

    <launching> /Users/lgates/Library/Caches/ms-playwright/chromium_headless_shell-1179/chrome-mac/headless_shell --disable-field-trial-config --disable-background-networking --disable-background-timer-throttling --disable-backgrounding-occluded-windows --disable-back-forward-cache --disable-breakpad --disable-client-side-phishing-detection --disable-component-extensions-with-background-pages --disable-component-update --no-default-browser-check --disable-default-apps --disable-dev-shm-usage --disable-extensions --disable-features=AcceptCHFrame,AutoExpandDetailsElement,AvoidUnnecessaryBeforeUnloadCheckSync,CertificateTransparencyComponentUpdater,DestroyProfileOnBrowserClose,DialMediaRouteProvider,ExtensionManifestV2Disabled,GlobalMediaControls,HttpsUpgrades,ImprovedCookieControls,LazyFrameLoading,LensOverlay,MediaRouter,PaintHolding,ThirdPartyStoragePartitioning,Translate --allow-pre-commit-input --disable-hang-monitor --disable-ipc-flooding-protection --disable-popup-blocking --disable-prompt-on-repost --disable-renderer-backgrounding --force-color-profile=srgb --metrics-recording-only --no-first-run --password-store=basic --use-mock-keychain --no-service-autorun --export-tagged-pdf --disable-search-engine-choice-screen --unsafely-disable-devtools-self-xss-warnings --enable-automation --enable-use-zoom-for-dsf=false --use-angle --headless --hide-scrollbars --blink-settings=primaryHoverType=2,availableHoverTypes=2,primaryPointerType=4,availablePointerTypes=4 --no-sandbox --use-fake-ui-for-media-stream --use-fake-device-for-media-stream --use-file-for-fake-video-capture=tests/integration/fixtures/test-video.y4m --use-file-for-fake-audio-capture=tests/integration/fixtures/test-audio.wav --allow-file-access-from-files --disable-web-security --allow-running-insecure-content --auto-accept-camera-and-microphone-capture --auto-select-desktop-capture-source=Test --disable-features=VizDisplayCompositor --disable-backgrounding-occluded-windows --disable-background-timer-throttling --disable-renderer-backgrounding --disable-ipc-flooding-protection --user-data-dir=/var/folders/jx/zjyzknj16h7c7sc0prspdk7r0000gp/T/playwright_chromiumdev_profile-H0P1Y7 --remote-debugging-pipe --no-startup-window
    <launched> pid=10202
    [pid=10202] <process did exit: exitCode=null, signal=SIGTRAP>
    [pid=10202] starting temporary directories cleanup
    Call log:
      - <launching> /Users/lgates/Library/Caches/ms-playwright/chromium_headless_shell-1179/chrome-mac/headless_shell --disable-field-trial-config --disable-background-networking --disable-background-timer-throttling --disable-backgrounding-occluded-windows --disable-back-forward-cache --disable-breakpad --disable-client-side-phishing-detection --disable-component-extensions-with-background-pages --disable-component-update --no-default-browser-check --disable-default-apps --disable-dev-shm-usage --disable-extensions --disable-features=AcceptCHFrame,AutoExpandDetailsElement,AvoidUnnecessaryBeforeUnloadCheckSync,CertificateTransparencyComponentUpdater,DestroyProfileOnBrowserClose,DialMediaRouteProvider,ExtensionManifestV2Disabled,GlobalMediaControls,HttpsUpgrades,ImprovedCookieControls,LazyFrameLoading,LensOverlay,MediaRouter,PaintHolding,ThirdPartyStoragePartitioning,Translate --allow-pre-commit-input --disable-hang-monitor --disable-ipc-flooding-protection --disable-popup-blocking --disable-prompt-on-repost --disable-renderer-backgrounding --force-color-profile=srgb --metrics-recording-only --no-first-run --password-store=basic --use-mock-keychain --no-service-autorun --export-tagged-pdf --disable-search-engine-choice-screen --unsafely-disable-devtools-self-xss-warnings --enable-automation --enable-use-zoom-for-dsf=false --use-angle --headless --hide-scrollbars --blink-settings=primaryHoverType=2,availableHoverTypes=2,primaryPointerType=4,availablePointerTypes=4 --no-sandbox --use-fake-ui-for-media-stream --use-fake-device-for-media-stream --use-file-for-fake-video-capture=tests/integration/fixtures/test-video.y4m --use-file-for-fake-audio-capture=tests/integration/fixtures/test-audio.wav --allow-file-access-from-files --disable-web-security --allow-running-insecure-content --auto-accept-camera-and-microphone-capture --auto-select-desktop-capture-source=Test --disable-features=VizDisplayCompositor --disable-backgrounding-occluded-windows --disable-background-timer-throttling --disable-renderer-backgrounding --disable-ipc-flooding-protection --user-data-dir=/var/folders/jx/zjyzknj16h7c7sc0prspdk7r0000gp/T/playwright_chromiumdev_profile-H0P1Y7 --remote-debugging-pipe --no-startup-window
      - <launched> pid=10202
      - [pid=10202] <process did exit: exitCode=null, signal=SIGTRAP>
      - [pid=10202] starting temporary directories cleanup


    TypeError: Cannot read properties of undefined (reading 'close')

      25 |   
      26 |   test.afterEach(async () => {
    > 27 |     await page.close();
         |                ^
      28 |   });
      29 |   
      30 |   test('should load mock FoundryVTT environment correctly', async () => {
        at /Users/lgates/repos/foundryvtt-webrtc-mediasoup/tests/integration/specs/plugin-loading.spec.js:27:16
]]>
</failure>
</testcase>
<testcase name="MediaSoup Plugin Loading › should show appropriate notifications" classname="plugin-loading.spec.js" time="0.001">
<failure message="plugin-loading.spec.js:179:3 should show appropriate notifications" type="FAILURE">
<![CDATA[  [chromium-webrtc] › plugin-loading.spec.js:179:3 › MediaSoup Plugin Loading › should show appropriate notifications 

    Error: browserType.launch: Target page, context or browser has been closed
    Browser logs:

    <launching> /Users/lgates/Library/Caches/ms-playwright/chromium_headless_shell-1179/chrome-mac/headless_shell --disable-field-trial-config --disable-background-networking --disable-background-timer-throttling --disable-backgrounding-occluded-windows --disable-back-forward-cache --disable-breakpad --disable-client-side-phishing-detection --disable-component-extensions-with-background-pages --disable-component-update --no-default-browser-check --disable-default-apps --disable-dev-shm-usage --disable-extensions --disable-features=AcceptCHFrame,AutoExpandDetailsElement,AvoidUnnecessaryBeforeUnloadCheckSync,CertificateTransparencyComponentUpdater,DestroyProfileOnBrowserClose,DialMediaRouteProvider,ExtensionManifestV2Disabled,GlobalMediaControls,HttpsUpgrades,ImprovedCookieControls,LazyFrameLoading,LensOverlay,MediaRouter,PaintHolding,ThirdPartyStoragePartitioning,Translate --allow-pre-commit-input --disable-hang-monitor --disable-ipc-flooding-protection --disable-popup-blocking --disable-prompt-on-repost --disable-renderer-backgrounding --force-color-profile=srgb --metrics-recording-only --no-first-run --password-store=basic --use-mock-keychain --no-service-autorun --export-tagged-pdf --disable-search-engine-choice-screen --unsafely-disable-devtools-self-xss-warnings --enable-automation --enable-use-zoom-for-dsf=false --use-angle --headless --hide-scrollbars --blink-settings=primaryHoverType=2,availableHoverTypes=2,primaryPointerType=4,availablePointerTypes=4 --no-sandbox --use-fake-ui-for-media-stream --use-fake-device-for-media-stream --use-file-for-fake-video-capture=tests/integration/fixtures/test-video.y4m --use-file-for-fake-audio-capture=tests/integration/fixtures/test-audio.wav --allow-file-access-from-files --disable-web-security --allow-running-insecure-content --auto-accept-camera-and-microphone-capture --auto-select-desktop-capture-source=Test --disable-features=VizDisplayCompositor --disable-backgrounding-occluded-windows --disable-background-timer-throttling --disable-renderer-backgrounding --disable-ipc-flooding-protection --user-data-dir=/var/folders/jx/zjyzknj16h7c7sc0prspdk7r0000gp/T/playwright_chromiumdev_profile-GGh9c5 --remote-debugging-pipe --no-startup-window
    <launched> pid=10200
    [pid=10200] <process did exit: exitCode=null, signal=SIGTRAP>
    [pid=10200] starting temporary directories cleanup
    Call log:
      - <launching> /Users/lgates/Library/Caches/ms-playwright/chromium_headless_shell-1179/chrome-mac/headless_shell --disable-field-trial-config --disable-background-networking --disable-background-timer-throttling --disable-backgrounding-occluded-windows --disable-back-forward-cache --disable-breakpad --disable-client-side-phishing-detection --disable-component-extensions-with-background-pages --disable-component-update --no-default-browser-check --disable-default-apps --disable-dev-shm-usage --disable-extensions --disable-features=AcceptCHFrame,AutoExpandDetailsElement,AvoidUnnecessaryBeforeUnloadCheckSync,CertificateTransparencyComponentUpdater,DestroyProfileOnBrowserClose,DialMediaRouteProvider,ExtensionManifestV2Disabled,GlobalMediaControls,HttpsUpgrades,ImprovedCookieControls,LazyFrameLoading,LensOverlay,MediaRouter,PaintHolding,ThirdPartyStoragePartitioning,Translate --allow-pre-commit-input --disable-hang-monitor --disable-ipc-flooding-protection --disable-popup-blocking --disable-prompt-on-repost --disable-renderer-backgrounding --force-color-profile=srgb --metrics-recording-only --no-first-run --password-store=basic --use-mock-keychain --no-service-autorun --export-tagged-pdf --disable-search-engine-choice-screen --unsafely-disable-devtools-self-xss-warnings --enable-automation --enable-use-zoom-for-dsf=false --use-angle --headless --hide-scrollbars --blink-settings=primaryHoverType=2,availableHoverTypes=2,primaryPointerType=4,availablePointerTypes=4 --no-sandbox --use-fake-ui-for-media-stream --use-fake-device-for-media-stream --use-file-for-fake-video-capture=tests/integration/fixtures/test-video.y4m --use-file-for-fake-audio-capture=tests/integration/fixtures/test-audio.wav --allow-file-access-from-files --disable-web-security --allow-running-insecure-content --auto-accept-camera-and-microphone-capture --auto-select-desktop-capture-source=Test --disable-features=VizDisplayCompositor --disable-backgrounding-occluded-windows --disable-background-timer-throttling --disable-renderer-backgrounding --disable-ipc-flooding-protection --user-data-dir=/var/folders/jx/zjyzknj16h7c7sc0prspdk7r0000gp/T/playwright_chromiumdev_profile-GGh9c5 --remote-debugging-pipe --no-startup-window
      - <launched> pid=10200
      - [pid=10200] <process did exit: exitCode=null, signal=SIGTRAP>
      - [pid=10200] starting temporary directories cleanup


    TypeError: Cannot read properties of undefined (reading 'close')

      25 |   
      26 |   test.afterEach(async () => {
    > 27 |     await page.close();
         |                ^
      28 |   });
      29 |   
      30 |   test('should load mock FoundryVTT environment correctly', async () => {
        at /Users/lgates/repos/foundryvtt-webrtc-mediasoup/tests/integration/specs/plugin-loading.spec.js:27:16
]]>
</failure>
</testcase>
<testcase name="MediaSoup Plugin Loading › should log initialization messages" classname="plugin-loading.spec.js" time="0.001">
<failure message="plugin-loading.spec.js:203:3 should log initialization messages" type="FAILURE">
<![CDATA[  [chromium-webrtc] › plugin-loading.spec.js:203:3 › MediaSoup Plugin Loading › should log initialization messages 

    Error: browserType.launch: Target page, context or browser has been closed
    Browser logs:

    <launching> /Users/lgates/Library/Caches/ms-playwright/chromium_headless_shell-1179/chrome-mac/headless_shell --disable-field-trial-config --disable-background-networking --disable-background-timer-throttling --disable-backgrounding-occluded-windows --disable-back-forward-cache --disable-breakpad --disable-client-side-phishing-detection --disable-component-extensions-with-background-pages --disable-component-update --no-default-browser-check --disable-default-apps --disable-dev-shm-usage --disable-extensions --disable-features=AcceptCHFrame,AutoExpandDetailsElement,AvoidUnnecessaryBeforeUnloadCheckSync,CertificateTransparencyComponentUpdater,DestroyProfileOnBrowserClose,DialMediaRouteProvider,ExtensionManifestV2Disabled,GlobalMediaControls,HttpsUpgrades,ImprovedCookieControls,LazyFrameLoading,LensOverlay,MediaRouter,PaintHolding,ThirdPartyStoragePartitioning,Translate --allow-pre-commit-input --disable-hang-monitor --disable-ipc-flooding-protection --disable-popup-blocking --disable-prompt-on-repost --disable-renderer-backgrounding --force-color-profile=srgb --metrics-recording-only --no-first-run --password-store=basic --use-mock-keychain --no-service-autorun --export-tagged-pdf --disable-search-engine-choice-screen --unsafely-disable-devtools-self-xss-warnings --enable-automation --enable-use-zoom-for-dsf=false --use-angle --headless --hide-scrollbars --blink-settings=primaryHoverType=2,availableHoverTypes=2,primaryPointerType=4,availablePointerTypes=4 --no-sandbox --use-fake-ui-for-media-stream --use-fake-device-for-media-stream --use-file-for-fake-video-capture=tests/integration/fixtures/test-video.y4m --use-file-for-fake-audio-capture=tests/integration/fixtures/test-audio.wav --allow-file-access-from-files --disable-web-security --allow-running-insecure-content --auto-accept-camera-and-microphone-capture --auto-select-desktop-capture-source=Test --disable-features=VizDisplayCompositor --disable-backgrounding-occluded-windows --disable-background-timer-throttling --disable-renderer-backgrounding --disable-ipc-flooding-protection --user-data-dir=/var/folders/jx/zjyzknj16h7c7sc0prspdk7r0000gp/T/playwright_chromiumdev_profile-ZvzVoY --remote-debugging-pipe --no-startup-window
    <launched> pid=10215
    Call log:
      - <launching> /Users/lgates/Library/Caches/ms-playwright/chromium_headless_shell-1179/chrome-mac/headless_shell --disable-field-trial-config --disable-background-networking --disable-background-timer-throttling --disable-backgrounding-occluded-windows --disable-back-forward-cache --disable-breakpad --disable-client-side-phishing-detection --disable-component-extensions-with-background-pages --disable-component-update --no-default-browser-check --disable-default-apps --disable-dev-shm-usage --disable-extensions --disable-features=AcceptCHFrame,AutoExpandDetailsElement,AvoidUnnecessaryBeforeUnloadCheckSync,CertificateTransparencyComponentUpdater,DestroyProfileOnBrowserClose,DialMediaRouteProvider,ExtensionManifestV2Disabled,GlobalMediaControls,HttpsUpgrades,ImprovedCookieControls,LazyFrameLoading,LensOverlay,MediaRouter,PaintHolding,ThirdPartyStoragePartitioning,Translate --allow-pre-commit-input --disable-hang-monitor --disable-ipc-flooding-protection --disable-popup-blocking --disable-prompt-on-repost --disable-renderer-backgrounding --force-color-profile=srgb --metrics-recording-only --no-first-run --password-store=basic --use-mock-keychain --no-service-autorun --export-tagged-pdf --disable-search-engine-choice-screen --unsafely-disable-devtools-self-xss-warnings --enable-automation --enable-use-zoom-for-dsf=false --use-angle --headless --hide-scrollbars --blink-settings=primaryHoverType=2,availableHoverTypes=2,primaryPointerType=4,availablePointerTypes=4 --no-sandbox --use-fake-ui-for-media-stream --use-fake-device-for-media-stream --use-file-for-fake-video-capture=tests/integration/fixtures/test-video.y4m --use-file-for-fake-audio-capture=tests/integration/fixtures/test-audio.wav --allow-file-access-from-files --disable-web-security --allow-running-insecure-content --auto-accept-camera-and-microphone-capture --auto-select-desktop-capture-source=Test --disable-features=VizDisplayCompositor --disable-backgrounding-occluded-windows --disable-background-timer-throttling --disable-renderer-backgrounding --disable-ipc-flooding-protection --user-data-dir=/var/folders/jx/zjyzknj16h7c7sc0prspdk7r0000gp/T/playwright_chromiumdev_profile-ZvzVoY --remote-debugging-pipe --no-startup-window
      - <launched> pid=10215


    TypeError: Cannot read properties of undefined (reading 'close')

      25 |   
      26 |   test.afterEach(async () => {
    > 27 |     await page.close();
         |                ^
      28 |   });
      29 |   
      30 |   test('should load mock FoundryVTT environment correctly', async () => {
        at /Users/lgates/repos/foundryvtt-webrtc-mediasoup/tests/integration/specs/plugin-loading.spec.js:27:16
]]>
</failure>
</testcase>
<testcase name="MediaSoup Plugin Loading › should handle mediasoup-client loading failure gracefully" classname="plugin-loading.spec.js" time="0.001">
<failure message="plugin-loading.spec.js:225:3 should handle mediasoup-client loading failure gracefully" type="FAILURE">
<![CDATA[  [chromium-webrtc] › plugin-loading.spec.js:225:3 › MediaSoup Plugin Loading › should handle mediasoup-client loading failure gracefully 

    Error: browserType.launch: Target page, context or browser has been closed
    Browser logs:

    <launching> /Users/lgates/Library/Caches/ms-playwright/chromium_headless_shell-1179/chrome-mac/headless_shell --disable-field-trial-config --disable-background-networking --disable-background-timer-throttling --disable-backgrounding-occluded-windows --disable-back-forward-cache --disable-breakpad --disable-client-side-phishing-detection --disable-component-extensions-with-background-pages --disable-component-update --no-default-browser-check --disable-default-apps --disable-dev-shm-usage --disable-extensions --disable-features=AcceptCHFrame,AutoExpandDetailsElement,AvoidUnnecessaryBeforeUnloadCheckSync,CertificateTransparencyComponentUpdater,DestroyProfileOnBrowserClose,DialMediaRouteProvider,ExtensionManifestV2Disabled,GlobalMediaControls,HttpsUpgrades,ImprovedCookieControls,LazyFrameLoading,LensOverlay,MediaRouter,PaintHolding,ThirdPartyStoragePartitioning,Translate --allow-pre-commit-input --disable-hang-monitor --disable-ipc-flooding-protection --disable-popup-blocking --disable-prompt-on-repost --disable-renderer-backgrounding --force-color-profile=srgb --metrics-recording-only --no-first-run --password-store=basic --use-mock-keychain --no-service-autorun --export-tagged-pdf --disable-search-engine-choice-screen --unsafely-disable-devtools-self-xss-warnings --enable-automation --enable-use-zoom-for-dsf=false --use-angle --headless --hide-scrollbars --blink-settings=primaryHoverType=2,availableHoverTypes=2,primaryPointerType=4,availablePointerTypes=4 --no-sandbox --use-fake-ui-for-media-stream --use-fake-device-for-media-stream --use-file-for-fake-video-capture=tests/integration/fixtures/test-video.y4m --use-file-for-fake-audio-capture=tests/integration/fixtures/test-audio.wav --allow-file-access-from-files --disable-web-security --allow-running-insecure-content --auto-accept-camera-and-microphone-capture --auto-select-desktop-capture-source=Test --disable-features=VizDisplayCompositor --disable-backgrounding-occluded-windows --disable-background-timer-throttling --disable-renderer-backgrounding --disable-ipc-flooding-protection --user-data-dir=/var/folders/jx/zjyzknj16h7c7sc0prspdk7r0000gp/T/playwright_chromiumdev_profile-Dl3bBZ --remote-debugging-pipe --no-startup-window
    <launched> pid=10213
    Call log:
      - <launching> /Users/lgates/Library/Caches/ms-playwright/chromium_headless_shell-1179/chrome-mac/headless_shell --disable-field-trial-config --disable-background-networking --disable-background-timer-throttling --disable-backgrounding-occluded-windows --disable-back-forward-cache --disable-breakpad --disable-client-side-phishing-detection --disable-component-extensions-with-background-pages --disable-component-update --no-default-browser-check --disable-default-apps --disable-dev-shm-usage --disable-extensions --disable-features=AcceptCHFrame,AutoExpandDetailsElement,AvoidUnnecessaryBeforeUnloadCheckSync,CertificateTransparencyComponentUpdater,DestroyProfileOnBrowserClose,DialMediaRouteProvider,ExtensionManifestV2Disabled,GlobalMediaControls,HttpsUpgrades,ImprovedCookieControls,LazyFrameLoading,LensOverlay,MediaRouter,PaintHolding,ThirdPartyStoragePartitioning,Translate --allow-pre-commit-input --disable-hang-monitor --disable-ipc-flooding-protection --disable-popup-blocking --disable-prompt-on-repost --disable-renderer-backgrounding --force-color-profile=srgb --metrics-recording-only --no-first-run --password-store=basic --use-mock-keychain --no-service-autorun --export-tagged-pdf --disable-search-engine-choice-screen --unsafely-disable-devtools-self-xss-warnings --enable-automation --enable-use-zoom-for-dsf=false --use-angle --headless --hide-scrollbars --blink-settings=primaryHoverType=2,availableHoverTypes=2,primaryPointerType=4,availablePointerTypes=4 --no-sandbox --use-fake-ui-for-media-stream --use-fake-device-for-media-stream --use-file-for-fake-video-capture=tests/integration/fixtures/test-video.y4m --use-file-for-fake-audio-capture=tests/integration/fixtures/test-audio.wav --allow-file-access-from-files --disable-web-security --allow-running-insecure-content --auto-accept-camera-and-microphone-capture --auto-select-desktop-capture-source=Test --disable-features=VizDisplayCompositor --disable-backgrounding-occluded-windows --disable-background-timer-throttling --disable-renderer-backgrounding --disable-ipc-flooding-protection --user-data-dir=/var/folders/jx/zjyzknj16h7c7sc0prspdk7r0000gp/T/playwright_chromiumdev_profile-Dl3bBZ --remote-debugging-pipe --no-startup-window
      - <launched> pid=10213


    TypeError: Cannot read properties of undefined (reading 'close')

      25 |   
      26 |   test.afterEach(async () => {
    > 27 |     await page.close();
         |                ^
      28 |   });
      29 |   
      30 |   test('should load mock FoundryVTT environment correctly', async () => {
        at /Users/lgates/repos/foundryvtt-webrtc-mediasoup/tests/integration/specs/plugin-loading.spec.js:27:16
]]>
</failure>
</testcase>
</testsuite>
<testsuite name="server-connection.spec.js" timestamp="2025-06-30T16:25:47.295Z" hostname="chromium-webrtc" tests="8" failures="8" skipped="0" time="0.008" errors="0">
<testcase name="MediaSoup Server Connection › should test WebSocket connection to localhost" classname="server-connection.spec.js" time="0.001">
<failure message="server-connection.spec.js:29:3 should test WebSocket connection to localhost" type="FAILURE">
<![CDATA[  [chromium-webrtc] › server-connection.spec.js:29:3 › MediaSoup Server Connection › should test WebSocket connection to localhost 

    Error: browserType.launch: Target page, context or browser has been closed
    Browser logs:

    <launching> /Users/lgates/Library/Caches/ms-playwright/chromium_headless_shell-1179/chrome-mac/headless_shell --disable-field-trial-config --disable-background-networking --disable-background-timer-throttling --disable-backgrounding-occluded-windows --disable-back-forward-cache --disable-breakpad --disable-client-side-phishing-detection --disable-component-extensions-with-background-pages --disable-component-update --no-default-browser-check --disable-default-apps --disable-dev-shm-usage --disable-extensions --disable-features=AcceptCHFrame,AutoExpandDetailsElement,AvoidUnnecessaryBeforeUnloadCheckSync,CertificateTransparencyComponentUpdater,DestroyProfileOnBrowserClose,DialMediaRouteProvider,ExtensionManifestV2Disabled,GlobalMediaControls,HttpsUpgrades,ImprovedCookieControls,LazyFrameLoading,LensOverlay,MediaRouter,PaintHolding,ThirdPartyStoragePartitioning,Translate --allow-pre-commit-input --disable-hang-monitor --disable-ipc-flooding-protection --disable-popup-blocking --disable-prompt-on-repost --disable-renderer-backgrounding --force-color-profile=srgb --metrics-recording-only --no-first-run --password-store=basic --use-mock-keychain --no-service-autorun --export-tagged-pdf --disable-search-engine-choice-screen --unsafely-disable-devtools-self-xss-warnings --enable-automation --enable-use-zoom-for-dsf=false --use-angle --headless --hide-scrollbars --blink-settings=primaryHoverType=2,availableHoverTypes=2,primaryPointerType=4,availablePointerTypes=4 --no-sandbox --use-fake-ui-for-media-stream --use-fake-device-for-media-stream --use-file-for-fake-video-capture=tests/integration/fixtures/test-video.y4m --use-file-for-fake-audio-capture=tests/integration/fixtures/test-audio.wav --allow-file-access-from-files --disable-web-security --allow-running-insecure-content --auto-accept-camera-and-microphone-capture --auto-select-desktop-capture-source=Test --disable-features=VizDisplayCompositor --disable-backgrounding-occluded-windows --disable-background-timer-throttling --disable-renderer-backgrounding --disable-ipc-flooding-protection --user-data-dir=/var/folders/jx/zjyzknj16h7c7sc0prspdk7r0000gp/T/playwright_chromiumdev_profile-7ackB8 --remote-debugging-pipe --no-startup-window
    <launched> pid=10218
    Call log:
      - <launching> /Users/lgates/Library/Caches/ms-playwright/chromium_headless_shell-1179/chrome-mac/headless_shell --disable-field-trial-config --disable-background-networking --disable-background-timer-throttling --disable-backgrounding-occluded-windows --disable-back-forward-cache --disable-breakpad --disable-client-side-phishing-detection --disable-component-extensions-with-background-pages --disable-component-update --no-default-browser-check --disable-default-apps --disable-dev-shm-usage --disable-extensions --disable-features=AcceptCHFrame,AutoExpandDetailsElement,AvoidUnnecessaryBeforeUnloadCheckSync,CertificateTransparencyComponentUpdater,DestroyProfileOnBrowserClose,DialMediaRouteProvider,ExtensionManifestV2Disabled,GlobalMediaControls,HttpsUpgrades,ImprovedCookieControls,LazyFrameLoading,LensOverlay,MediaRouter,PaintHolding,ThirdPartyStoragePartitioning,Translate --allow-pre-commit-input --disable-hang-monitor --disable-ipc-flooding-protection --disable-popup-blocking --disable-prompt-on-repost --disable-renderer-backgrounding --force-color-profile=srgb --metrics-recording-only --no-first-run --password-store=basic --use-mock-keychain --no-service-autorun --export-tagged-pdf --disable-search-engine-choice-screen --unsafely-disable-devtools-self-xss-warnings --enable-automation --enable-use-zoom-for-dsf=false --use-angle --headless --hide-scrollbars --blink-settings=primaryHoverType=2,availableHoverTypes=2,primaryPointerType=4,availablePointerTypes=4 --no-sandbox --use-fake-ui-for-media-stream --use-fake-device-for-media-stream --use-file-for-fake-video-capture=tests/integration/fixtures/test-video.y4m --use-file-for-fake-audio-capture=tests/integration/fixtures/test-audio.wav --allow-file-access-from-files --disable-web-security --allow-running-insecure-content --auto-accept-camera-and-microphone-capture --auto-select-desktop-capture-source=Test --disable-features=VizDisplayCompositor --disable-backgrounding-occluded-windows --disable-background-timer-throttling --disable-renderer-backgrounding --disable-ipc-flooding-protection --user-data-dir=/var/folders/jx/zjyzknj16h7c7sc0prspdk7r0000gp/T/playwright_chromiumdev_profile-7ackB8 --remote-debugging-pipe --no-startup-window
      - <launched> pid=10218


    TypeError: Cannot read properties of undefined (reading 'close')

      24 |   
      25 |   test.afterEach(async () => {
    > 26 |     await page.close();
         |                ^
      27 |   });
      28 |   
      29 |   test('should test WebSocket connection to localhost', async () => {
        at /Users/lgates/repos/foundryvtt-webrtc-mediasoup/tests/integration/specs/server-connection.spec.js:26:16
]]>
</failure>
</testcase>
<testcase name="MediaSoup Server Connection › should handle invalid server URL gracefully" classname="server-connection.spec.js" time="0.001">
<failure message="server-connection.spec.js:48:3 should handle invalid server URL gracefully" type="FAILURE">
<![CDATA[  [chromium-webrtc] › server-connection.spec.js:48:3 › MediaSoup Server Connection › should handle invalid server URL gracefully 

    Error: browserType.launch: Target page, context or browser has been closed
    Browser logs:

    <launching> /Users/lgates/Library/Caches/ms-playwright/chromium_headless_shell-1179/chrome-mac/headless_shell --disable-field-trial-config --disable-background-networking --disable-background-timer-throttling --disable-backgrounding-occluded-windows --disable-back-forward-cache --disable-breakpad --disable-client-side-phishing-detection --disable-component-extensions-with-background-pages --disable-component-update --no-default-browser-check --disable-default-apps --disable-dev-shm-usage --disable-extensions --disable-features=AcceptCHFrame,AutoExpandDetailsElement,AvoidUnnecessaryBeforeUnloadCheckSync,CertificateTransparencyComponentUpdater,DestroyProfileOnBrowserClose,DialMediaRouteProvider,ExtensionManifestV2Disabled,GlobalMediaControls,HttpsUpgrades,ImprovedCookieControls,LazyFrameLoading,LensOverlay,MediaRouter,PaintHolding,ThirdPartyStoragePartitioning,Translate --allow-pre-commit-input --disable-hang-monitor --disable-ipc-flooding-protection --disable-popup-blocking --disable-prompt-on-repost --disable-renderer-backgrounding --force-color-profile=srgb --metrics-recording-only --no-first-run --password-store=basic --use-mock-keychain --no-service-autorun --export-tagged-pdf --disable-search-engine-choice-screen --unsafely-disable-devtools-self-xss-warnings --enable-automation --enable-use-zoom-for-dsf=false --use-angle --headless --hide-scrollbars --blink-settings=primaryHoverType=2,availableHoverTypes=2,primaryPointerType=4,availablePointerTypes=4 --no-sandbox --use-fake-ui-for-media-stream --use-fake-device-for-media-stream --use-file-for-fake-video-capture=tests/integration/fixtures/test-video.y4m --use-file-for-fake-audio-capture=tests/integration/fixtures/test-audio.wav --allow-file-access-from-files --disable-web-security --allow-running-insecure-content --auto-accept-camera-and-microphone-capture --auto-select-desktop-capture-source=Test --disable-features=VizDisplayCompositor --disable-backgrounding-occluded-windows --disable-background-timer-throttling --disable-renderer-backgrounding --disable-ipc-flooding-protection --user-data-dir=/var/folders/jx/zjyzknj16h7c7sc0prspdk7r0000gp/T/playwright_chromiumdev_profile-xXBgAa --remote-debugging-pipe --no-startup-window
    <launched> pid=10216
    Call log:
      - <launching> /Users/lgates/Library/Caches/ms-playwright/chromium_headless_shell-1179/chrome-mac/headless_shell --disable-field-trial-config --disable-background-networking --disable-background-timer-throttling --disable-backgrounding-occluded-windows --disable-back-forward-cache --disable-breakpad --disable-client-side-phishing-detection --disable-component-extensions-with-background-pages --disable-component-update --no-default-browser-check --disable-default-apps --disable-dev-shm-usage --disable-extensions --disable-features=AcceptCHFrame,AutoExpandDetailsElement,AvoidUnnecessaryBeforeUnloadCheckSync,CertificateTransparencyComponentUpdater,DestroyProfileOnBrowserClose,DialMediaRouteProvider,ExtensionManifestV2Disabled,GlobalMediaControls,HttpsUpgrades,ImprovedCookieControls,LazyFrameLoading,LensOverlay,MediaRouter,PaintHolding,ThirdPartyStoragePartitioning,Translate --allow-pre-commit-input --disable-hang-monitor --disable-ipc-flooding-protection --disable-popup-blocking --disable-prompt-on-repost --disable-renderer-backgrounding --force-color-profile=srgb --metrics-recording-only --no-first-run --password-store=basic --use-mock-keychain --no-service-autorun --export-tagged-pdf --disable-search-engine-choice-screen --unsafely-disable-devtools-self-xss-warnings --enable-automation --enable-use-zoom-for-dsf=false --use-angle --headless --hide-scrollbars --blink-settings=primaryHoverType=2,availableHoverTypes=2,primaryPointerType=4,availablePointerTypes=4 --no-sandbox --use-fake-ui-for-media-stream --use-fake-device-for-media-stream --use-file-for-fake-video-capture=tests/integration/fixtures/test-video.y4m --use-file-for-fake-audio-capture=tests/integration/fixtures/test-audio.wav --allow-file-access-from-files --disable-web-security --allow-running-insecure-content --auto-accept-camera-and-microphone-capture --auto-select-desktop-capture-source=Test --disable-features=VizDisplayCompositor --disable-backgrounding-occluded-windows --disable-background-timer-throttling --disable-renderer-backgrounding --disable-ipc-flooding-protection --user-data-dir=/var/folders/jx/zjyzknj16h7c7sc0prspdk7r0000gp/T/playwright_chromiumdev_profile-xXBgAa --remote-debugging-pipe --no-startup-window
      - <launched> pid=10216


    TypeError: Cannot read properties of undefined (reading 'close')

      24 |   
      25 |   test.afterEach(async () => {
    > 26 |     await page.close();
         |                ^
      27 |   });
      28 |   
      29 |   test('should test WebSocket connection to localhost', async () => {
        at /Users/lgates/repos/foundryvtt-webrtc-mediasoup/tests/integration/specs/server-connection.spec.js:26:16
]]>
</failure>
</testcase>
<testcase name="MediaSoup Server Connection › should connect to MediaSoup server when available" classname="server-connection.spec.js" time="0.001">
<failure message="server-connection.spec.js:64:3 should connect to MediaSoup server when available" type="FAILURE">
<![CDATA[  [chromium-webrtc] › server-connection.spec.js:64:3 › MediaSoup Server Connection › should connect to MediaSoup server when available 

    Error: browserType.launch: Target page, context or browser has been closed
    Browser logs:

    <launching> /Users/lgates/Library/Caches/ms-playwright/chromium_headless_shell-1179/chrome-mac/headless_shell --disable-field-trial-config --disable-background-networking --disable-background-timer-throttling --disable-backgrounding-occluded-windows --disable-back-forward-cache --disable-breakpad --disable-client-side-phishing-detection --disable-component-extensions-with-background-pages --disable-component-update --no-default-browser-check --disable-default-apps --disable-dev-shm-usage --disable-extensions --disable-features=AcceptCHFrame,AutoExpandDetailsElement,AvoidUnnecessaryBeforeUnloadCheckSync,CertificateTransparencyComponentUpdater,DestroyProfileOnBrowserClose,DialMediaRouteProvider,ExtensionManifestV2Disabled,GlobalMediaControls,HttpsUpgrades,ImprovedCookieControls,LazyFrameLoading,LensOverlay,MediaRouter,PaintHolding,ThirdPartyStoragePartitioning,Translate --allow-pre-commit-input --disable-hang-monitor --disable-ipc-flooding-protection --disable-popup-blocking --disable-prompt-on-repost --disable-renderer-backgrounding --force-color-profile=srgb --metrics-recording-only --no-first-run --password-store=basic --use-mock-keychain --no-service-autorun --export-tagged-pdf --disable-search-engine-choice-screen --unsafely-disable-devtools-self-xss-warnings --enable-automation --enable-use-zoom-for-dsf=false --use-angle --headless --hide-scrollbars --blink-settings=primaryHoverType=2,availableHoverTypes=2,primaryPointerType=4,availablePointerTypes=4 --no-sandbox --use-fake-ui-for-media-stream --use-fake-device-for-media-stream --use-file-for-fake-video-capture=tests/integration/fixtures/test-video.y4m --use-file-for-fake-audio-capture=tests/integration/fixtures/test-audio.wav --allow-file-access-from-files --disable-web-security --allow-running-insecure-content --auto-accept-camera-and-microphone-capture --auto-select-desktop-capture-source=Test --disable-features=VizDisplayCompositor --disable-backgrounding-occluded-windows --disable-background-timer-throttling --disable-renderer-backgrounding --disable-ipc-flooding-protection --user-data-dir=/var/folders/jx/zjyzknj16h7c7sc0prspdk7r0000gp/T/playwright_chromiumdev_profile-NAS0jp --remote-debugging-pipe --no-startup-window
    <launched> pid=10217
    [pid=10217] <process did exit: exitCode=null, signal=SIGTRAP>
    [pid=10217] starting temporary directories cleanup
    Call log:
      - <launching> /Users/lgates/Library/Caches/ms-playwright/chromium_headless_shell-1179/chrome-mac/headless_shell --disable-field-trial-config --disable-background-networking --disable-background-timer-throttling --disable-backgrounding-occluded-windows --disable-back-forward-cache --disable-breakpad --disable-client-side-phishing-detection --disable-component-extensions-with-background-pages --disable-component-update --no-default-browser-check --disable-default-apps --disable-dev-shm-usage --disable-extensions --disable-features=AcceptCHFrame,AutoExpandDetailsElement,AvoidUnnecessaryBeforeUnloadCheckSync,CertificateTransparencyComponentUpdater,DestroyProfileOnBrowserClose,DialMediaRouteProvider,ExtensionManifestV2Disabled,GlobalMediaControls,HttpsUpgrades,ImprovedCookieControls,LazyFrameLoading,LensOverlay,MediaRouter,PaintHolding,ThirdPartyStoragePartitioning,Translate --allow-pre-commit-input --disable-hang-monitor --disable-ipc-flooding-protection --disable-popup-blocking --disable-prompt-on-repost --disable-renderer-backgrounding --force-color-profile=srgb --metrics-recording-only --no-first-run --password-store=basic --use-mock-keychain --no-service-autorun --export-tagged-pdf --disable-search-engine-choice-screen --unsafely-disable-devtools-self-xss-warnings --enable-automation --enable-use-zoom-for-dsf=false --use-angle --headless --hide-scrollbars --blink-settings=primaryHoverType=2,availableHoverTypes=2,primaryPointerType=4,availablePointerTypes=4 --no-sandbox --use-fake-ui-for-media-stream --use-fake-device-for-media-stream --use-file-for-fake-video-capture=tests/integration/fixtures/test-video.y4m --use-file-for-fake-audio-capture=tests/integration/fixtures/test-audio.wav --allow-file-access-from-files --disable-web-security --allow-running-insecure-content --auto-accept-camera-and-microphone-capture --auto-select-desktop-capture-source=Test --disable-features=VizDisplayCompositor --disable-backgrounding-occluded-windows --disable-background-timer-throttling --disable-renderer-backgrounding --disable-ipc-flooding-protection --user-data-dir=/var/folders/jx/zjyzknj16h7c7sc0prspdk7r0000gp/T/playwright_chromiumdev_profile-NAS0jp --remote-debugging-pipe --no-startup-window
      - <launched> pid=10217
      - [pid=10217] <process did exit: exitCode=null, signal=SIGTRAP>
      - [pid=10217] starting temporary directories cleanup


    TypeError: Cannot read properties of undefined (reading 'close')

      24 |   
      25 |   test.afterEach(async () => {
    > 26 |     await page.close();
         |                ^
      27 |   });
      28 |   
      29 |   test('should test WebSocket connection to localhost', async () => {
        at /Users/lgates/repos/foundryvtt-webrtc-mediasoup/tests/integration/specs/server-connection.spec.js:26:16
]]>
</failure>
</testcase>
<testcase name="MediaSoup Server Connection › should handle connection state changes" classname="server-connection.spec.js" time="0.001">
<failure message="server-connection.spec.js:127:3 should handle connection state changes" type="FAILURE">
<![CDATA[  [chromium-webrtc] › server-connection.spec.js:127:3 › MediaSoup Server Connection › should handle connection state changes 

    Error: browserType.launch: Target page, context or browser has been closed
    Browser logs:

    <launching> /Users/lgates/Library/Caches/ms-playwright/chromium_headless_shell-1179/chrome-mac/headless_shell --disable-field-trial-config --disable-background-networking --disable-background-timer-throttling --disable-backgrounding-occluded-windows --disable-back-forward-cache --disable-breakpad --disable-client-side-phishing-detection --disable-component-extensions-with-background-pages --disable-component-update --no-default-browser-check --disable-default-apps --disable-dev-shm-usage --disable-extensions --disable-features=AcceptCHFrame,AutoExpandDetailsElement,AvoidUnnecessaryBeforeUnloadCheckSync,CertificateTransparencyComponentUpdater,DestroyProfileOnBrowserClose,DialMediaRouteProvider,ExtensionManifestV2Disabled,GlobalMediaControls,HttpsUpgrades,ImprovedCookieControls,LazyFrameLoading,LensOverlay,MediaRouter,PaintHolding,ThirdPartyStoragePartitioning,Translate --allow-pre-commit-input --disable-hang-monitor --disable-ipc-flooding-protection --disable-popup-blocking --disable-prompt-on-repost --disable-renderer-backgrounding --force-color-profile=srgb --metrics-recording-only --no-first-run --password-store=basic --use-mock-keychain --no-service-autorun --export-tagged-pdf --disable-search-engine-choice-screen --unsafely-disable-devtools-self-xss-warnings --enable-automation --enable-use-zoom-for-dsf=false --use-angle --headless --hide-scrollbars --blink-settings=primaryHoverType=2,availableHoverTypes=2,primaryPointerType=4,availablePointerTypes=4 --no-sandbox --use-fake-ui-for-media-stream --use-fake-device-for-media-stream --use-file-for-fake-video-capture=tests/integration/fixtures/test-video.y4m --use-file-for-fake-audio-capture=tests/integration/fixtures/test-audio.wav --allow-file-access-from-files --disable-web-security --allow-running-insecure-content --auto-accept-camera-and-microphone-capture --auto-select-desktop-capture-source=Test --disable-features=VizDisplayCompositor --disable-backgrounding-occluded-windows --disable-background-timer-throttling --disable-renderer-backgrounding --disable-ipc-flooding-protection --user-data-dir=/var/folders/jx/zjyzknj16h7c7sc0prspdk7r0000gp/T/playwright_chromiumdev_profile-Tfrh2P --remote-debugging-pipe --no-startup-window
    <launched> pid=10219
    [pid=10219] <process did exit: exitCode=null, signal=SIGTRAP>
    [pid=10219] starting temporary directories cleanup
    Call log:
      - <launching> /Users/lgates/Library/Caches/ms-playwright/chromium_headless_shell-1179/chrome-mac/headless_shell --disable-field-trial-config --disable-background-networking --disable-background-timer-throttling --disable-backgrounding-occluded-windows --disable-back-forward-cache --disable-breakpad --disable-client-side-phishing-detection --disable-component-extensions-with-background-pages --disable-component-update --no-default-browser-check --disable-default-apps --disable-dev-shm-usage --disable-extensions --disable-features=AcceptCHFrame,AutoExpandDetailsElement,AvoidUnnecessaryBeforeUnloadCheckSync,CertificateTransparencyComponentUpdater,DestroyProfileOnBrowserClose,DialMediaRouteProvider,ExtensionManifestV2Disabled,GlobalMediaControls,HttpsUpgrades,ImprovedCookieControls,LazyFrameLoading,LensOverlay,MediaRouter,PaintHolding,ThirdPartyStoragePartitioning,Translate --allow-pre-commit-input --disable-hang-monitor --disable-ipc-flooding-protection --disable-popup-blocking --disable-prompt-on-repost --disable-renderer-backgrounding --force-color-profile=srgb --metrics-recording-only --no-first-run --password-store=basic --use-mock-keychain --no-service-autorun --export-tagged-pdf --disable-search-engine-choice-screen --unsafely-disable-devtools-self-xss-warnings --enable-automation --enable-use-zoom-for-dsf=false --use-angle --headless --hide-scrollbars --blink-settings=primaryHoverType=2,availableHoverTypes=2,primaryPointerType=4,availablePointerTypes=4 --no-sandbox --use-fake-ui-for-media-stream --use-fake-device-for-media-stream --use-file-for-fake-video-capture=tests/integration/fixtures/test-video.y4m --use-file-for-fake-audio-capture=tests/integration/fixtures/test-audio.wav --allow-file-access-from-files --disable-web-security --allow-running-insecure-content --auto-accept-camera-and-microphone-capture --auto-select-desktop-capture-source=Test --disable-features=VizDisplayCompositor --disable-backgrounding-occluded-windows --disable-background-timer-throttling --disable-renderer-backgrounding --disable-ipc-flooding-protection --user-data-dir=/var/folders/jx/zjyzknj16h7c7sc0prspdk7r0000gp/T/playwright_chromiumdev_profile-Tfrh2P --remote-debugging-pipe --no-startup-window
      - <launched> pid=10219
      - [pid=10219] <process did exit: exitCode=null, signal=SIGTRAP>
      - [pid=10219] starting temporary directories cleanup


    TypeError: Cannot read properties of undefined (reading 'close')

      24 |   
      25 |   test.afterEach(async () => {
    > 26 |     await page.close();
         |                ^
      27 |   });
      28 |   
      29 |   test('should test WebSocket connection to localhost', async () => {
        at /Users/lgates/repos/foundryvtt-webrtc-mediasoup/tests/integration/specs/server-connection.spec.js:26:16
]]>
</failure>
</testcase>
<testcase name="MediaSoup Server Connection › should handle reconnection attempts" classname="server-connection.spec.js" time="0.001">
<failure message="server-connection.spec.js:172:3 should handle reconnection attempts" type="FAILURE">
<![CDATA[  [chromium-webrtc] › server-connection.spec.js:172:3 › MediaSoup Server Connection › should handle reconnection attempts 

    Error: browserType.launch: Target page, context or browser has been closed
    Browser logs:

    <launching> /Users/lgates/Library/Caches/ms-playwright/chromium_headless_shell-1179/chrome-mac/headless_shell --disable-field-trial-config --disable-background-networking --disable-background-timer-throttling --disable-backgrounding-occluded-windows --disable-back-forward-cache --disable-breakpad --disable-client-side-phishing-detection --disable-component-extensions-with-background-pages --disable-component-update --no-default-browser-check --disable-default-apps --disable-dev-shm-usage --disable-extensions --disable-features=AcceptCHFrame,AutoExpandDetailsElement,AvoidUnnecessaryBeforeUnloadCheckSync,CertificateTransparencyComponentUpdater,DestroyProfileOnBrowserClose,DialMediaRouteProvider,ExtensionManifestV2Disabled,GlobalMediaControls,HttpsUpgrades,ImprovedCookieControls,LazyFrameLoading,LensOverlay,MediaRouter,PaintHolding,ThirdPartyStoragePartitioning,Translate --allow-pre-commit-input --disable-hang-monitor --disable-ipc-flooding-protection --disable-popup-blocking --disable-prompt-on-repost --disable-renderer-backgrounding --force-color-profile=srgb --metrics-recording-only --no-first-run --password-store=basic --use-mock-keychain --no-service-autorun --export-tagged-pdf --disable-search-engine-choice-screen --unsafely-disable-devtools-self-xss-warnings --enable-automation --enable-use-zoom-for-dsf=false --use-angle --headless --hide-scrollbars --blink-settings=primaryHoverType=2,availableHoverTypes=2,primaryPointerType=4,availablePointerTypes=4 --no-sandbox --use-fake-ui-for-media-stream --use-fake-device-for-media-stream --use-file-for-fake-video-capture=tests/integration/fixtures/test-video.y4m --use-file-for-fake-audio-capture=tests/integration/fixtures/test-audio.wav --allow-file-access-from-files --disable-web-security --allow-running-insecure-content --auto-accept-camera-and-microphone-capture --auto-select-desktop-capture-source=Test --disable-features=VizDisplayCompositor --disable-backgrounding-occluded-windows --disable-background-timer-throttling --disable-renderer-backgrounding --disable-ipc-flooding-protection --user-data-dir=/var/folders/jx/zjyzknj16h7c7sc0prspdk7r0000gp/T/playwright_chromiumdev_profile-kB41wN --remote-debugging-pipe --no-startup-window
    <launched> pid=10214
    [pid=10214] <process did exit: exitCode=null, signal=SIGTRAP>
    [pid=10214] starting temporary directories cleanup
    Call log:
      - <launching> /Users/lgates/Library/Caches/ms-playwright/chromium_headless_shell-1179/chrome-mac/headless_shell --disable-field-trial-config --disable-background-networking --disable-background-timer-throttling --disable-backgrounding-occluded-windows --disable-back-forward-cache --disable-breakpad --disable-client-side-phishing-detection --disable-component-extensions-with-background-pages --disable-component-update --no-default-browser-check --disable-default-apps --disable-dev-shm-usage --disable-extensions --disable-features=AcceptCHFrame,AutoExpandDetailsElement,AvoidUnnecessaryBeforeUnloadCheckSync,CertificateTransparencyComponentUpdater,DestroyProfileOnBrowserClose,DialMediaRouteProvider,ExtensionManifestV2Disabled,GlobalMediaControls,HttpsUpgrades,ImprovedCookieControls,LazyFrameLoading,LensOverlay,MediaRouter,PaintHolding,ThirdPartyStoragePartitioning,Translate --allow-pre-commit-input --disable-hang-monitor --disable-ipc-flooding-protection --disable-popup-blocking --disable-prompt-on-repost --disable-renderer-backgrounding --force-color-profile=srgb --metrics-recording-only --no-first-run --password-store=basic --use-mock-keychain --no-service-autorun --export-tagged-pdf --disable-search-engine-choice-screen --unsafely-disable-devtools-self-xss-warnings --enable-automation --enable-use-zoom-for-dsf=false --use-angle --headless --hide-scrollbars --blink-settings=primaryHoverType=2,availableHoverTypes=2,primaryPointerType=4,availablePointerTypes=4 --no-sandbox --use-fake-ui-for-media-stream --use-fake-device-for-media-stream --use-file-for-fake-video-capture=tests/integration/fixtures/test-video.y4m --use-file-for-fake-audio-capture=tests/integration/fixtures/test-audio.wav --allow-file-access-from-files --disable-web-security --allow-running-insecure-content --auto-accept-camera-and-microphone-capture --auto-select-desktop-capture-source=Test --disable-features=VizDisplayCompositor --disable-backgrounding-occluded-windows --disable-background-timer-throttling --disable-renderer-backgrounding --disable-ipc-flooding-protection --user-data-dir=/var/folders/jx/zjyzknj16h7c7sc0prspdk7r0000gp/T/playwright_chromiumdev_profile-kB41wN --remote-debugging-pipe --no-startup-window
      - <launched> pid=10214
      - [pid=10214] <process did exit: exitCode=null, signal=SIGTRAP>
      - [pid=10214] starting temporary directories cleanup


    TypeError: Cannot read properties of undefined (reading 'close')

      24 |   
      25 |   test.afterEach(async () => {
    > 26 |     await page.close();
         |                ^
      27 |   });
      28 |   
      29 |   test('should test WebSocket connection to localhost', async () => {
        at /Users/lgates/repos/foundryvtt-webrtc-mediasoup/tests/integration/specs/server-connection.spec.js:26:16
]]>
</failure>
</testcase>
<testcase name="MediaSoup Server Connection › should validate server URL before connection" classname="server-connection.spec.js" time="0.001">
<failure message="server-connection.spec.js:209:3 should validate server URL before connection" type="FAILURE">
<![CDATA[  [chromium-webrtc] › server-connection.spec.js:209:3 › MediaSoup Server Connection › should validate server URL before connection 

    Error: browserType.launch: Target page, context or browser has been closed
    Browser logs:

[...]
      - <launched> pid=11884


    TypeError: Cannot read properties of undefined (reading 'evaluate')

      29 |   test.afterEach(async () => {
      30 |     // Clean up any media streams
    > 31 |     await page.evaluate(() => {
         |                ^
      32 |       if (window.MediaSoupVTT_Client) {
      33 |         window.MediaSoupVTT_Client.disconnect();
      34 |       }
        at /Users/lgates/repos/foundryvtt-webrtc-mediasoup/tests/integration/specs/webrtc-media.spec.js:31:16
]]>
</failure>
</testcase>
<testcase name="MediaSoup WebRTC Media › should handle media access errors gracefully" classname="webrtc-media.spec.js" time="0.001">
<failure message="webrtc-media.spec.js:286:3 should handle media access errors gracefully" type="FAILURE">
<![CDATA[  [Mobile Chrome] › webrtc-media.spec.js:286:3 › MediaSoup WebRTC Media › should handle media access errors gracefully 

    Error: browserType.launch: Target page, context or browser has been closed
    Browser logs:

    <launching> /Users/lgates/Library/Caches/ms-playwright/chromium_headless_shell-1179/chrome-mac/headless_shell --disable-field-trial-config --disable-background-networking --disable-background-timer-throttling --disable-backgrounding-occluded-windows --disable-back-forward-cache --disable-breakpad --disable-client-side-phishing-detection --disable-component-extensions-with-background-pages --disable-component-update --no-default-browser-check --disable-default-apps --disable-dev-shm-usage --disable-extensions --disable-features=AcceptCHFrame,AutoExpandDetailsElement,AvoidUnnecessaryBeforeUnloadCheckSync,CertificateTransparencyComponentUpdater,DestroyProfileOnBrowserClose,DialMediaRouteProvider,ExtensionManifestV2Disabled,GlobalMediaControls,HttpsUpgrades,ImprovedCookieControls,LazyFrameLoading,LensOverlay,MediaRouter,PaintHolding,ThirdPartyStoragePartitioning,Translate --allow-pre-commit-input --disable-hang-monitor --disable-ipc-flooding-protection --disable-popup-blocking --disable-prompt-on-repost --disable-renderer-backgrounding --force-color-profile=srgb --metrics-recording-only --no-first-run --password-store=basic --use-mock-keychain --no-service-autorun --export-tagged-pdf --disable-search-engine-choice-screen --unsafely-disable-devtools-self-xss-warnings --enable-automation --enable-use-zoom-for-dsf=false --use-angle --headless --hide-scrollbars --mute-audio --blink-settings=primaryHoverType=2,availableHoverTypes=2,primaryPointerType=4,availablePointerTypes=4 --no-sandbox --use-fake-ui-for-media-stream --use-fake-device-for-media-stream --auto-accept-camera-and-microphone-capture --user-data-dir=/var/folders/jx/zjyzknj16h7c7sc0prspdk7r0000gp/T/playwright_chromiumdev_profile-nHB9Qr --remote-debugging-pipe --no-startup-window
    <launched> pid=11882
    Call log:
      - <launching> /Users/lgates/Library/Caches/ms-playwright/chromium_headless_shell-1179/chrome-mac/headless_shell --disable-field-trial-config --disable-background-networking --disable-background-timer-throttling --disable-backgrounding-occluded-windows --disable-back-forward-cache --disable-breakpad --disable-client-side-phishing-detection --disable-component-extensions-with-background-pages --disable-component-update --no-default-browser-check --disable-default-apps --disable-dev-shm-usage --disable-extensions --disable-features=AcceptCHFrame,AutoExpandDetailsElement,AvoidUnnecessaryBeforeUnloadCheckSync,CertificateTransparencyComponentUpdater,DestroyProfileOnBrowserClose,DialMediaRouteProvider,ExtensionManifestV2Disabled,GlobalMediaControls,HttpsUpgrades,ImprovedCookieControls,LazyFrameLoading,LensOverlay,MediaRouter,PaintHolding,ThirdPartyStoragePartitioning,Translate --allow-pre-commit-input --disable-hang-monitor --disable-ipc-flooding-protection --disable-popup-blocking --disable-prompt-on-repost --disable-renderer-backgrounding --force-color-profile=srgb --metrics-recording-only --no-first-run --password-store=basic --use-mock-keychain --no-service-autorun --export-tagged-pdf --disable-search-engine-choice-screen --unsafely-disable-devtools-self-xss-warnings --enable-automation --enable-use-zoom-for-dsf=false --use-angle --headless --hide-scrollbars --mute-audio --blink-settings=primaryHoverType=2,availableHoverTypes=2,primaryPointerType=4,availablePointerTypes=4 --no-sandbox --use-fake-ui-for-media-stream --use-fake-device-for-media-stream --auto-accept-camera-and-microphone-capture --user-data-dir=/var/folders/jx/zjyzknj16h7c7sc0prspdk7r0000gp/T/playwright_chromiumdev_profile-nHB9Qr --remote-debugging-pipe --no-startup-window
      - <launched> pid=11882


    TypeError: Cannot read properties of undefined (reading 'evaluate')

      29 |   test.afterEach(async () => {
      30 |     // Clean up any media streams
    > 31 |     await page.evaluate(() => {
         |                ^
      32 |       if (window.MediaSoupVTT_Client) {
      33 |         window.MediaSoupVTT_Client.disconnect();
      34 |       }
        at /Users/lgates/repos/foundryvtt-webrtc-mediasoup/tests/integration/specs/webrtc-media.spec.js:31:16
]]>
</failure>
</testcase>
<testcase name="MediaSoup WebRTC Media › should toggle audio mute state" classname="webrtc-media.spec.js" time="0.001">
<failure message="webrtc-media.spec.js:329:3 should toggle audio mute state" type="FAILURE">
<![CDATA[  [Mobile Chrome] › webrtc-media.spec.js:329:3 › MediaSoup WebRTC Media › should toggle audio mute state 

    Error: browserType.launch: Target page, context or browser has been closed
    Browser logs:

    <launching> /Users/lgates/Library/Caches/ms-playwright/chromium_headless_shell-1179/chrome-mac/headless_shell --disable-field-trial-config --disable-background-networking --disable-background-timer-throttling --disable-backgrounding-occluded-windows --disable-back-forward-cache --disable-breakpad --disable-client-side-phishing-detection --disable-component-extensions-with-background-pages --disable-component-update --no-default-browser-check --disable-default-apps --disable-dev-shm-usage --disable-extensions --disable-features=AcceptCHFrame,AutoExpandDetailsElement,AvoidUnnecessaryBeforeUnloadCheckSync,CertificateTransparencyComponentUpdater,DestroyProfileOnBrowserClose,DialMediaRouteProvider,ExtensionManifestV2Disabled,GlobalMediaControls,HttpsUpgrades,ImprovedCookieControls,LazyFrameLoading,LensOverlay,MediaRouter,PaintHolding,ThirdPartyStoragePartitioning,Translate --allow-pre-commit-input --disable-hang-monitor --disable-ipc-flooding-protection --disable-popup-blocking --disable-prompt-on-repost --disable-renderer-backgrounding --force-color-profile=srgb --metrics-recording-only --no-first-run --password-store=basic --use-mock-keychain --no-service-autorun --export-tagged-pdf --disable-search-engine-choice-screen --unsafely-disable-devtools-self-xss-warnings --enable-automation --enable-use-zoom-for-dsf=false --use-angle --headless --hide-scrollbars --mute-audio --blink-settings=primaryHoverType=2,availableHoverTypes=2,primaryPointerType=4,availablePointerTypes=4 --no-sandbox --use-fake-ui-for-media-stream --use-fake-device-for-media-stream --auto-accept-camera-and-microphone-capture --user-data-dir=/var/folders/jx/zjyzknj16h7c7sc0prspdk7r0000gp/T/playwright_chromiumdev_profile-t8h9Mr --remote-debugging-pipe --no-startup-window
    <launched> pid=11881
    Call log:
      - <launching> /Users/lgates/Library/Caches/ms-playwright/chromium_headless_shell-1179/chrome-mac/headless_shell --disable-field-trial-config --disable-background-networking --disable-background-timer-throttling --disable-backgrounding-occluded-windows --disable-back-forward-cache --disable-breakpad --disable-client-side-phishing-detection --disable-component-extensions-with-background-pages --disable-component-update --no-default-browser-check --disable-default-apps --disable-dev-shm-usage --disable-extensions --disable-features=AcceptCHFrame,AutoExpandDetailsElement,AvoidUnnecessaryBeforeUnloadCheckSync,CertificateTransparencyComponentUpdater,DestroyProfileOnBrowserClose,DialMediaRouteProvider,ExtensionManifestV2Disabled,GlobalMediaControls,HttpsUpgrades,ImprovedCookieControls,LazyFrameLoading,LensOverlay,MediaRouter,PaintHolding,ThirdPartyStoragePartitioning,Translate --allow-pre-commit-input --disable-hang-monitor --disable-ipc-flooding-protection --disable-popup-blocking --disable-prompt-on-repost --disable-renderer-backgrounding --force-color-profile=srgb --metrics-recording-only --no-first-run --password-store=basic --use-mock-keychain --no-service-autorun --export-tagged-pdf --disable-search-engine-choice-screen --unsafely-disable-devtools-self-xss-warnings --enable-automation --enable-use-zoom-for-dsf=false --use-angle --headless --hide-scrollbars --mute-audio --blink-settings=primaryHoverType=2,availableHoverTypes=2,primaryPointerType=4,availablePointerTypes=4 --no-sandbox --use-fake-ui-for-media-stream --use-fake-device-for-media-stream --auto-accept-camera-and-microphone-capture --user-data-dir=/var/folders/jx/zjyzknj16h7c7sc0prspdk7r0000gp/T/playwright_chromiumdev_profile-t8h9Mr --remote-debugging-pipe --no-startup-window
      - <launched> pid=11881


    TypeError: Cannot read properties of undefined (reading 'evaluate')

      29 |   test.afterEach(async () => {
      30 |     // Clean up any media streams
    > 31 |     await page.evaluate(() => {
         |                ^
      32 |       if (window.MediaSoupVTT_Client) {
      33 |         window.MediaSoupVTT_Client.disconnect();
      34 |       }
        at /Users/lgates/repos/foundryvtt-webrtc-mediasoup/tests/integration/specs/webrtc-media.spec.js:31:16
]]>
</failure>
</testcase>
<testcase name="MediaSoup WebRTC Media › should clean up media streams on stop" classname="webrtc-media.spec.js" time="0.001">
<failure message="webrtc-media.spec.js:381:3 should clean up media streams on stop" type="FAILURE">
<![CDATA[  [Mobile Chrome] › webrtc-media.spec.js:381:3 › MediaSoup WebRTC Media › should clean up media streams on stop 

    Error: browserType.launch: Target page, context or browser has been closed
    Browser logs:

    <launching> /Users/lgates/Library/Caches/ms-playwright/chromium_headless_shell-1179/chrome-mac/headless_shell --disable-field-trial-config --disable-background-networking --disable-background-timer-throttling --disable-backgrounding-occluded-windows --disable-back-forward-cache --disable-breakpad --disable-client-side-phishing-detection --disable-component-extensions-with-background-pages --disable-component-update --no-default-browser-check --disable-default-apps --disable-dev-shm-usage --disable-extensions --disable-features=AcceptCHFrame,AutoExpandDetailsElement,AvoidUnnecessaryBeforeUnloadCheckSync,CertificateTransparencyComponentUpdater,DestroyProfileOnBrowserClose,DialMediaRouteProvider,ExtensionManifestV2Disabled,GlobalMediaControls,HttpsUpgrades,ImprovedCookieControls,LazyFrameLoading,LensOverlay,MediaRouter,PaintHolding,ThirdPartyStoragePartitioning,Translate --allow-pre-commit-input --disable-hang-monitor --disable-ipc-flooding-protection --disable-popup-blocking --disable-prompt-on-repost --disable-renderer-backgrounding --force-color-profile=srgb --metrics-recording-only --no-first-run --password-store=basic --use-mock-keychain --no-service-autorun --export-tagged-pdf --disable-search-engine-choice-screen --unsafely-disable-devtools-self-xss-warnings --enable-automation --enable-use-zoom-for-dsf=false --use-angle --headless --hide-scrollbars --mute-audio --blink-settings=primaryHoverType=2,availableHoverTypes=2,primaryPointerType=4,availablePointerTypes=4 --no-sandbox --use-fake-ui-for-media-stream --use-fake-device-for-media-stream --auto-accept-camera-and-microphone-capture --user-data-dir=/var/folders/jx/zjyzknj16h7c7sc0prspdk7r0000gp/T/playwright_chromiumdev_profile-bTnnS7 --remote-debugging-pipe --no-startup-window
    <launched> pid=11885
    [pid=11885] <process did exit: exitCode=null, signal=SIGTRAP>
    [pid=11885] starting temporary directories cleanup
    Call log:
      - <launching> /Users/lgates/Library/Caches/ms-playwright/chromium_headless_shell-1179/chrome-mac/headless_shell --disable-field-trial-config --disable-background-networking --disable-background-timer-throttling --disable-backgrounding-occluded-windows --disable-back-forward-cache --disable-breakpad --disable-client-side-phishing-detection --disable-component-extensions-with-background-pages --disable-component-update --no-default-browser-check --disable-default-apps --disable-dev-shm-usage --disable-extensions --disable-features=AcceptCHFrame,AutoExpandDetailsElement,AvoidUnnecessaryBeforeUnloadCheckSync,CertificateTransparencyComponentUpdater,DestroyProfileOnBrowserClose,DialMediaRouteProvider,ExtensionManifestV2Disabled,GlobalMediaControls,HttpsUpgrades,ImprovedCookieControls,LazyFrameLoading,LensOverlay,MediaRouter,PaintHolding,ThirdPartyStoragePartitioning,Translate --allow-pre-commit-input --disable-hang-monitor --disable-ipc-flooding-protection --disable-popup-blocking --disable-prompt-on-repost --disable-renderer-backgrounding --force-color-profile=srgb --metrics-recording-only --no-first-run --password-store=basic --use-mock-keychain --no-service-autorun --export-tagged-pdf --disable-search-engine-choice-screen --unsafely-disable-devtools-self-xss-warnings --enable-automation --enable-use-zoom-for-dsf=false --use-angle --headless --hide-scrollbars --mute-audio --blink-settings=primaryHoverType=2,availableHoverTypes=2,primaryPointerType=4,availablePointerTypes=4 --no-sandbox --use-fake-ui-for-media-stream --use-fake-device-for-media-stream --auto-accept-camera-and-microphone-capture --user-data-dir=/var/folders/jx/zjyzknj16h7c7sc0prspdk7r0000gp/T/playwright_chromiumdev_profile-bTnnS7 --remote-debugging-pipe --no-startup-window
      - <launched> pid=11885
      - [pid=11885] <process did exit: exitCode=null, signal=SIGTRAP>
      - [pid=11885] starting temporary directories cleanup


    TypeError: Cannot read properties of undefined (reading 'evaluate')

      29 |   test.afterEach(async () => {
      30 |     // Clean up any media streams
    > 31 |     await page.evaluate(() => {
         |                ^
      32 |       if (window.MediaSoupVTT_Client) {
      33 |         window.MediaSoupVTT_Client.disconnect();
      34 |       }
        at /Users/lgates/repos/foundryvtt-webrtc-mediasoup/tests/integration/specs/webrtc-media.spec.js:31:16
]]>
</failure>
</testcase>
<testcase name="MediaSoup WebRTC Media › should handle device switching" classname="webrtc-media.spec.js" time="0.001">
<failure message="webrtc-media.spec.js:448:3 should handle device switching" type="FAILURE">
<![CDATA[  [Mobile Chrome] › webrtc-media.spec.js:448:3 › MediaSoup WebRTC Media › should handle device switching 

    Error: browserType.launch: Target page, context or browser has been closed
    Browser logs:

    <launching> /Users/lgates/Library/Caches/ms-playwright/chromium_headless_shell-1179/chrome-mac/headless_shell --disable-field-trial-config --disable-background-networking --disable-background-timer-throttling --disable-backgrounding-occluded-windows --disable-back-forward-cache --disable-breakpad --disable-client-side-phishing-detection --disable-component-extensions-with-background-pages --disable-component-update --no-default-browser-check --disable-default-apps --disable-dev-shm-usage --disable-extensions --disable-features=AcceptCHFrame,AutoExpandDetailsElement,AvoidUnnecessaryBeforeUnloadCheckSync,CertificateTransparencyComponentUpdater,DestroyProfileOnBrowserClose,DialMediaRouteProvider,ExtensionManifestV2Disabled,GlobalMediaControls,HttpsUpgrades,ImprovedCookieControls,LazyFrameLoading,LensOverlay,MediaRouter,PaintHolding,ThirdPartyStoragePartitioning,Translate --allow-pre-commit-input --disable-hang-monitor --disable-ipc-flooding-protection --disable-popup-blocking --disable-prompt-on-repost --disable-renderer-backgrounding --force-color-profile=srgb --metrics-recording-only --no-first-run --password-store=basic --use-mock-keychain --no-service-autorun --export-tagged-pdf --disable-search-engine-choice-screen --unsafely-disable-devtools-self-xss-warnings --enable-automation --enable-use-zoom-for-dsf=false --use-angle --headless --hide-scrollbars --mute-audio --blink-settings=primaryHoverType=2,availableHoverTypes=2,primaryPointerType=4,availablePointerTypes=4 --no-sandbox --use-fake-ui-for-media-stream --use-fake-device-for-media-stream --auto-accept-camera-and-microphone-capture --user-data-dir=/var/folders/jx/zjyzknj16h7c7sc0prspdk7r0000gp/T/playwright_chromiumdev_profile-cNrhk5 --remote-debugging-pipe --no-startup-window
    <launched> pid=11883
    [pid=11883] <process did exit: exitCode=null, signal=SIGTRAP>
    [pid=11883] starting temporary directories cleanup
    Call log:
      - <launching> /Users/lgates/Library/Caches/ms-playwright/chromium_headless_shell-1179/chrome-mac/headless_shell --disable-field-trial-config --disable-background-networking --disable-background-timer-throttling --disable-backgrounding-occluded-windows --disable-back-forward-cache --disable-breakpad --disable-client-side-phishing-detection --disable-component-extensions-with-background-pages --disable-component-update --no-default-browser-check --disable-default-apps --disable-dev-shm-usage --disable-extensions --disable-features=AcceptCHFrame,AutoExpandDetailsElement,AvoidUnnecessaryBeforeUnloadCheckSync,CertificateTransparencyComponentUpdater,DestroyProfileOnBrowserClose,DialMediaRouteProvider,ExtensionManifestV2Disabled,GlobalMediaControls,HttpsUpgrades,ImprovedCookieControls,LazyFrameLoading,LensOverlay,MediaRouter,PaintHolding,ThirdPartyStoragePartitioning,Translate --allow-pre-commit-input --disable-hang-monitor --disable-ipc-flooding-protection --disable-popup-blocking --disable-prompt-on-repost --disable-renderer-backgrounding --force-color-profile=srgb --metrics-recording-only --no-first-run --password-store=basic --use-mock-keychain --no-service-autorun --export-tagged-pdf --disable-search-engine-choice-screen --unsafely-disable-devtools-self-xss-warnings --enable-automation --enable-use-zoom-for-dsf=false --use-angle --headless --hide-scrollbars --mute-audio --blink-settings=primaryHoverType=2,availableHoverTypes=2,primaryPointerType=4,availablePointerTypes=4 --no-sandbox --use-fake-ui-for-media-stream --use-fake-device-for-media-stream --auto-accept-camera-and-microphone-capture --user-data-dir=/var/folders/jx/zjyzknj16h7c7sc0prspdk7r0000gp/T/playwright_chromiumdev_profile-cNrhk5 --remote-debugging-pipe --no-startup-window
      - <launched> pid=11883
      - [pid=11883] <process did exit: exitCode=null, signal=SIGTRAP>
      - [pid=11883] starting temporary directories cleanup


    TypeError: Cannot read properties of undefined (reading 'evaluate')

      29 |   test.afterEach(async () => {
      30 |     // Clean up any media streams
    > 31 |     await page.evaluate(() => {
         |                ^
      32 |       if (window.MediaSoupVTT_Client) {
      33 |         window.MediaSoupVTT_Client.disconnect();
      34 |       }
        at /Users/lgates/repos/foundryvtt-webrtc-mediasoup/tests/integration/specs/webrtc-media.spec.js:31:16
]]>
</failure>
</testcase>
</testsuite>
</testsuites>